<?xml version="1.0" encoding="UTF-8"?>
<testsuite name="ImdbTopTables" tests="2" skipped="1" failures="0" errors="0" timestamp="2018-03-16T08:33:09" hostname="pc8" time="56.39">
  <properties/>
  <testcase name="UpToFile" classname="ImdbTopTables" time="0.0">
    <skipped/>
  </testcase>
  <testcase name="GetTopList" classname="ImdbTopTables" time="55.984"/>
  <system-out><![CDATA[250
The Shawshank Redemption
The Godfather
The Godfather: Part II
The Dark Knight
12 Angry Men
Schindler's List
The Lord of the Rings: The Return of the King
Pulp Fiction
The Good, the Bad and the Ugly
Fight Club
The Lord of the Rings: The Fellowship of the Ring
Forrest Gump
Star Wars: Episode V - The Empire Strikes Back
Inception
The Lord of the Rings: The Two Towers
One Flew Over the Cuckoo's Nest
Goodfellas
The Matrix
Seven Samurai
Star Wars: Episode IV - A New Hope
City of God
Se7en
The Silence of the Lambs
It's a Wonderful Life
Life Is Beautiful
The Usual Suspects
L?on: The Professional
Spirited Away
Saving Private Ryan
Interstellar
The Green Mile
American History X
Once Upon a Time in the West
Psycho
City Lights
Casablanca
The Intouchables
Modern Times
The Pianist
The Departed
Raiders of the Lost Ark
Terminator 2
Rear Window
Back to the Future
Whiplash
Gladiator
The Lion King
The Prestige
Memento
Apocalypse Now
Alien
The Great Dictator
Cinema Paradiso
Sunset Boulevard
Dr. Strangelove or: How I Learned to Stop Worrying and Love the Bomb
Coco
Grave of the Fireflies
The Lives of Others
Paths of Glory
The Shining
Django Unchained
WALL·E
Princess Mononoke
American Beauty
The Dark Knight Rises
Witness for the Prosecution
Oldboy
Aliens
Once Upon a Time in America
Das Boot
Citizen Kane
North by Northwest
Vertigo
Braveheart
Dangal
Star Wars: Episode VI - Return of the Jedi
Reservoir Dogs
M
Your Name
Requiem for a Dream
Like Stars on Earth
Amadeus
Am?lie
A Clockwork Orange
Lawrence of Arabia
Double Indemnity
Eternal Sunshine of the Spotless Mind
Taxi Driver
To Kill a Mockingbird
Singin' in the Rain
2001: A Space Odyssey
3 Idiots
Toy Story
Full Metal Jacket
The Sting
Inglourious Basterds
Bicycle Thieves
The Kid
Toy Story 3
Snatch
Good Will Hunting
The Hunt
Monty Python and the Holy Grail
For a Few Dollars More
Scarface
L.A. Confidential
The Apartment
Metropolis
A Separation
Rashomon
Indiana Jones and the Last Crusade
Yojimbo
Up
All About Eve
Batman Begins
Some Like It Hot
My Father and My Son
The Treasure of the Sierra Madre
Unforgiven
Three Billboards Outside Ebbing, Missouri
Downfall
Die Hard
Heat
Raging Bull
Ikiru
The Great Escape
The Third Man
Children of Heaven
Chinatown
Pan's Labyrinth
Incendies
My Neighbor Totoro
Ran
Judgment at Nuremberg
The Secret in Their Eyes
The Gold Rush
Howl's Moving Castle
The Bridge on the River Kwai
On the Waterfront
Inside Out
The Seventh Seal
Lock, Stock and Two Smoking Barrels
A Beautiful Mind
Room
Casino
Mr. Smith Goes to Washington
The Elephant Man
The Wolf of Wall Street
V for Vendetta
Blade Runner
Wild Strawberries
The General
Warrior
Dial M for Murder
Trainspotting
Gone with the Wind
Gran Torino
No Country for Old Men
The Sixth Sense
Fargo
The Deer Hunter
There Will Be Blood
The Thing
Finding Nemo
The Big Lebowski
Blade Runner 2049
Sunrise
Come and See
Cool Hand Luke
Tokyo Story
Kill Bill: Vol. 1
Rebecca
The Bandit
Andrei Rublev
Hacksaw Ridge
Shutter Island
How to Train Your Dragon
Mary and Max
Gone Girl
Into the Wild
Life of Brian
Rang De Basanti
Wild Tales
It Happened One Night
The Passion of Joan of Arc
Platoon
In the Name of the Father
Network
Hotel Rwanda
Stand by Me
The Wages of Fear
The Grand Budapest Hotel
Stalker
Rush
Ben-Hur
Persona
Jurassic Park
Memories of Murder
12 Years a Slave
Million Dollar Baby
The 400 Blows
The Truman Show
Mad Max: Fury Road
Spotlight
Logan
Amores Perros
La La Land
Before Sunrise
Butch Cassidy and the Sundance Kid
Hachi: A Dog's Tale
Nausica? of the Valley of the Wind
A Wednesday
The Princess Bride
Prisoners
The Maltese Falcon
Catch Me If You Can
Harry Potter and the Deathly Hallows: Part 2
The Nights of Cabiria
Rocky
The Grapes of Wrath
Monsters, Inc.
Diabolique
Paper Moon
Donnie Darko
Barry Lyndon
Gandhi
Touch of Evil
The Terminator
Groundhog Day
La Haine
The Wizard of Oz
Annie Hall
The Bourne Ultimatum
8?
Dead Poets Society
Jaws
The Help
The Best Years of Our Lives
In the Mood for Love
Paris, Texas
Infernal Affairs
Twelve Monkeys
Beauty and the Beast
Before Sunset
The Battle of Algiers
Castle in the Sky
Dog Day Afternoon
Pirates of the Caribbean: The Curse of the Black Pearl
Gangs of Wasseypur
Three Colors: Red
]]></system-out>
  <system-err><![CDATA[1521189191472	geckodriver	INFO	geckodriver 0.19.1 (0000000000000000000000000000000000000000 2017-10-31)
1521189191472	geckodriver	INFO	Listening on 127.0.0.1:43088
1521189192509	mozrunner::runner	INFO	Running command: "C:\\Program Files (x86)\\Mozilla Firefox\\firefox.exe" "-marionette" "-profile" "C:\\Users\\user8\\AppData\\Local\\Temp\\rust_mozprofile.UCVzcCZmkkoT"
1521189193741	Marionette	INFO	Enabled via --marionette
1521189197834	Marionette	INFO	Listening on port 61687
1521189198339	Marionette	WARN	TLS certificate errors will be ignored for this session
Mar 16, 2018 2:33:18 PM org.openqa.selenium.remote.ProtocolHandshake createSession
INFO: Detected dialect: W3C
]]></system-err>
</testsuite>
